<?xml version="1.0" encoding="UTF-8"?>
<!-- Generated by org.testng.reporters.JUnitReportReporter -->
<testsuite hostname="hp-HP" name="temp.ReportTest" tests="3" failures="0" timestamp="21 Dec 2016 04:01:48 GMT" time="55.248" errors="0">
  <testcase name="yahootest" time="14.389" classname="temp.ReportTest"/>
  <testcase name="googletest" time="10.997" classname="temp.ReportTest"/>
  <testcase name="maventest" time="29.862" classname="temp.ReportTest"/>
</testsuite> <!-- temp.ReportTest -->
