<?xml version="1.0" encoding="UTF-8"?>
<!-- Generated by org.testng.reporters.JUnitReportReporter -->
<testsuite hostname="hp-HP" name="com.vmetry.ntltaxi.testcases.HomePageTest" tests="4" failures="0" timestamp="22 Dec 2016 03:53:16 GMT" time="23.574" errors="0">
  <testcase name="validateHomePage" time="10.794" classname="com.vmetry.ntltaxi.testcases.HomePageTest"/>
  <testcase name="validateHomePage" time="2.796" classname="com.vmetry.ntltaxi.testcases.HomePageTest"/>
  <testcase name="validateHomePage" time="3.484" classname="com.vmetry.ntltaxi.testcases.HomePageTest"/>
  <testcase name="validateHomePage" time="6.500" classname="com.vmetry.ntltaxi.testcases.HomePageTest"/>
</testsuite> <!-- com.vmetry.ntltaxi.testcases.HomePageTest -->
